<?xml version="1.1" encoding="UTF-8"?>
<testsuite name="ca.nengo.math.impl.PolynomialTest" tests="3" failures="0" errors="0" timestamp="2013-11-06T13:08:02" hostname="b.local" time="0.0">
  <properties/>
  <testcase name="testGetDimension" classname="ca.nengo.math.impl.PolynomialTest" time="0.0"/>
  <testcase name="testMap" classname="ca.nengo.math.impl.PolynomialTest" time="0.0"/>
  <testcase name="testMultiMap" classname="ca.nengo.math.impl.PolynomialTest" time="0.0"/>
  <system-out><![CDATA[]]></system-out>
  <system-err><![CDATA[]]></system-err>
</testsuite>
