<?xml version="1.1" encoding="UTF-8"?>
<testsuite name="ca.nengo.model.nef.impl.NEFEnsembleImplTest" tests="3" failures="1" errors="0" timestamp="1970-01-01T00:00:00" hostname="b.local" time="1.383743479527E9">
  <properties/>
  <testcase name="testKillNeurons" classname="ca.nengo.model.nef.impl.NEFEnsembleImplTest" time="62.233"/>
  <testcase name="testClone" classname="ca.nengo.model.nef.impl.NEFEnsembleImplTest" time="0.048"/>
  <testcase name="testAddDecodedSignalOrigin" classname="ca.nengo.model.nef.impl.NEFEnsembleImplTest" time="0.003">
    <failure message="java.lang.RuntimeException: Matrix is singular." type="java.lang.RuntimeException">java.lang.RuntimeException: Matrix is singular.
	at Jama.LUDecomposition.solve(LUDecomposition.java:282)
	at Jama.Matrix.solve(Matrix.java:815)
	at Jama.Matrix.inverse(Matrix.java:833)
	at ca.nengo.math.impl.WeightedCostApproximator.pseudoInverse(WeightedCostApproximator.java:500)
	at ca.nengo.math.impl.WeightedCostApproximator.calcGamma(WeightedCostApproximator.java:276)
	at ca.nengo.math.impl.WeightedCostApproximator.&lt;init&gt;(WeightedCostApproximator.java:222)
	at ca.nengo.math.impl.WeightedCostApproximator$Factory.getApproximator(WeightedCostApproximator.java:753)
	at ca.nengo.model.nef.impl.NEFEnsembleImpl.addDecodedSignalOrigin(NEFEnsembleImpl.java:545)
	at ca.nengo.model.nef.impl.NEFEnsembleImplTest.testAddDecodedSignalOrigin(NEFEnsembleImplTest.java:322)
	at sun.reflect.NativeMethodAccessorImpl.invoke0(Native Method)
	at sun.reflect.NativeMethodAccessorImpl.invoke(NativeMethodAccessorImpl.java:57)
	at sun.reflect.DelegatingMethodAccessorImpl.invoke(DelegatingMethodAccessorImpl.java:43)
	at java.lang.reflect.Method.invoke(Method.java:606)
	at junit.framework.TestCase.runTest(TestCase.java:168)
	at junit.framework.TestCase.runBare(TestCase.java:134)
	at junit.framework.TestResult$1.protect(TestResult.java:110)
	at junit.framework.TestResult.runProtected(TestResult.java:128)
	at junit.framework.TestResult.run(TestResult.java:113)
	at junit.framework.TestCase.run(TestCase.java:124)
	at junit.framework.TestSuite.runTest(TestSuite.java:243)
	at junit.framework.TestSuite.run(TestSuite.java:238)
	at org.junit.internal.runners.JUnit38ClassRunner.run(JUnit38ClassRunner.java:83)
	at org.gradle.api.internal.tasks.testing.junit.JUnitTestClassExecuter.runTestClass(JUnitTestClassExecuter.java:80)
	at org.gradle.api.internal.tasks.testing.junit.JUnitTestClassExecuter.execute(JUnitTestClassExecuter.java:47)
	at org.gradle.api.internal.tasks.testing.junit.JUnitTestClassProcessor.processTestClass(JUnitTestClassProcessor.java:69)
	at org.gradle.api.internal.tasks.testing.SuiteTestClassProcessor.processTestClass(SuiteTestClassProcessor.java:49)
	at sun.reflect.GeneratedMethodAccessor7.invoke(Unknown Source)
	at sun.reflect.DelegatingMethodAccessorImpl.invoke(DelegatingMethodAccessorImpl.java:43)
	at java.lang.reflect.Method.invoke(Method.java:606)
	at org.gradle.messaging.dispatch.ReflectionDispatch.dispatch(ReflectionDispatch.java:35)
	at org.gradle.messaging.dispatch.ReflectionDispatch.dispatch(ReflectionDispatch.java:24)
	at org.gradle.messaging.dispatch.ContextClassLoaderDispatch.dispatch(ContextClassLoaderDispatch.java:32)
	at org.gradle.messaging.dispatch.ProxyDispatchAdapter$DispatchingInvocationHandler.invoke(ProxyDispatchAdapter.java:93)
	at com.sun.proxy.$Proxy2.processTestClass(Unknown Source)
	at org.gradle.api.internal.tasks.testing.worker.TestWorker.processTestClass(TestWorker.java:103)
	at sun.reflect.GeneratedMethodAccessor6.invoke(Unknown Source)
	at sun.reflect.DelegatingMethodAccessorImpl.invoke(DelegatingMethodAccessorImpl.java:43)
	at java.lang.reflect.Method.invoke(Method.java:606)
	at org.gradle.messaging.dispatch.ReflectionDispatch.dispatch(ReflectionDispatch.java:35)
	at org.gradle.messaging.dispatch.ReflectionDispatch.dispatch(ReflectionDispatch.java:24)
	at org.gradle.messaging.remote.internal.hub.MessageHub$Handler.run(MessageHub.java:355)
	at org.gradle.internal.concurrent.DefaultExecutorFactory$StoppableExecutorImpl$1.run(DefaultExecutorFactory.java:66)
	at java.util.concurrent.ThreadPoolExecutor.runWorker(ThreadPoolExecutor.java:1145)
	at java.util.concurrent.ThreadPoolExecutor$Worker.run(ThreadPoolExecutor.java:615)
	at java.lang.Thread.run(Thread.java:724)
</failure>
  </testcase>
  <system-out><![CDATA[INFO  [Test worker:ca.nengo.util.Memory]: Used: 697946128 Total: 1408761856 Max: 3817865216 (before gamma)
INFO  [Test worker:ca.nengo.util.Memory]: Used: 708671408 Total: 1408761856 Max: 3817865216 (before inverse)
INFO  [Test worker:ca.nengo.math.impl.WeightedCostApproximator]: Using 398 singular values for pseudo-inverse
INFO  [Test worker:ca.nengo.util.Memory]: Used: 831629584 Total: 1544028160 Max: 3817865216 (after inverse)
INFO  [Test worker:ca.nengo.util.Memory]: Used: 831629584 Total: 1544028160 Max: 3817865216 (before gamma)
INFO  [Test worker:ca.nengo.util.Memory]: Used: 831629584 Total: 1544028160 Max: 3817865216 (before inverse)
INFO  [Test worker:ca.nengo.math.impl.WeightedCostApproximator]: Using 1 singular values for pseudo-inverse
INFO  [Test worker:ca.nengo.util.Memory]: Used: 831629584 Total: 1544028160 Max: 3817865216 (after inverse)
INFO  [Test worker:ca.nengo.util.Memory]: Used: 856558336 Total: 1544028160 Max: 3817865216 (before gamma)
INFO  [Test worker:ca.nengo.util.Memory]: Used: 856558336 Total: 1544028160 Max: 3817865216 (before inverse)
INFO  [Test worker:ca.nengo.math.impl.WeightedCostApproximator]: Using 52 singular values for pseudo-inverse
INFO  [Test worker:ca.nengo.util.Memory]: Used: 881487880 Total: 1544028160 Max: 3817865216 (after inverse)
1
INFO  [Test worker:ca.nengo.util.Memory]: Used: 881487880 Total: 1544028160 Max: 3817865216 (before gamma)
INFO  [Test worker:ca.nengo.util.Memory]: Used: 881487880 Total: 1544028160 Max: 3817865216 (before inverse)
INFO  [Test worker:ca.nengo.math.impl.WeightedCostApproximator]: Using 4 singular values for pseudo-inverse
INFO  [Test worker:ca.nengo.util.Memory]: Used: 881487880 Total: 1544028160 Max: 3817865216 (after inverse)
INFO  [Test worker:ca.nengo.util.Memory]: Used: 881487880 Total: 1544028160 Max: 3817865216 (before gamma)
INFO  [Test worker:ca.nengo.util.Memory]: Used: 881487880 Total: 1544028160 Max: 3817865216 (before inverse)
]]></system-out>
  <system-err><![CDATA[]]></system-err>
</testsuite>
