<?xml version="1.1" encoding="UTF-8"?>
<testsuite name="ca.nengo.model.impl.SpikeOutputImplTest" tests="3" failures="0" errors="0" timestamp="2013-11-06T13:10:17" hostname="b.local" time="0.001">
  <properties/>
  <testcase name="testGetValues" classname="ca.nengo.model.impl.SpikeOutputImplTest" time="0.0"/>
  <testcase name="testGetDimension" classname="ca.nengo.model.impl.SpikeOutputImplTest" time="0.0"/>
  <testcase name="testGetUnits" classname="ca.nengo.model.impl.SpikeOutputImplTest" time="0.0"/>
  <system-out><![CDATA[]]></system-out>
  <system-err><![CDATA[]]></system-err>
</testsuite>
