<?xml version="1.1" encoding="UTF-8"?>
<testsuite name="ca.nengo.math.impl.NewtonRootFinderTest" tests="1" failures="0" errors="0" timestamp="2013-11-06T13:08:02" hostname="b.local" time="0.003">
  <properties/>
  <testcase name="testFindRoot" classname="ca.nengo.math.impl.NewtonRootFinderTest" time="0.003"/>
  <system-out><![CDATA[]]></system-out>
  <system-err><![CDATA[]]></system-err>
</testsuite>
