<?xml version="1.1" encoding="UTF-8"?>
<testsuite name="ca.nengo.model.neuron.impl.LIFSpikingNeuronTest" tests="3" failures="0" errors="0" timestamp="2013-11-06T13:11:19" hostname="b.local" time="0.001">
  <properties/>
  <testcase name="testGetHistory" classname="ca.nengo.model.neuron.impl.LIFSpikingNeuronTest" time="0.0"/>
  <testcase name="testListStates" classname="ca.nengo.model.neuron.impl.LIFSpikingNeuronTest" time="0.001"/>
  <testcase name="testPerformance" classname="ca.nengo.model.neuron.impl.LIFSpikingNeuronTest" time="0.0"/>
  <system-out><![CDATA[]]></system-out>
  <system-err><![CDATA[]]></system-err>
</testsuite>
