<?xml version="1.1" encoding="UTF-8"?>
<testsuite name="ca.nengo.util.impl.RandomHypersphereVGTest" tests="1" failures="0" errors="0" timestamp="2013-11-06T13:11:20" hostname="b.local" time="0.0">
  <properties/>
  <testcase name="testGenVectors" classname="ca.nengo.util.impl.RandomHypersphereVGTest" time="0.0"/>
  <system-out><![CDATA[]]></system-out>
  <system-err><![CDATA[]]></system-err>
</testsuite>
