<?xml version="1.1" encoding="UTF-8"?>
<testsuite name="ca.nengo.model.nef.impl.DecodedOriginTest" tests="1" failures="0" errors="0" timestamp="1970-01-01T00:00:00" hostname="b.local" time="1.383743417242E9">
  <properties/>
  <testcase name="testGetError" classname="ca.nengo.model.nef.impl.DecodedOriginTest" time="0.072"/>
  <system-out><![CDATA[INFO  [Test worker:ca.nengo.util.Memory]: Used: 430009104 Total: 1408761856 Max: 3817865216 (before gamma)
INFO  [Test worker:ca.nengo.util.Memory]: Used: 430009104 Total: 1408761856 Max: 3817865216 (before inverse)
INFO  [Test worker:ca.nengo.math.impl.WeightedCostApproximator]: Using 51 singular values for pseudo-inverse
INFO  [Test worker:ca.nengo.util.Memory]: Used: 440727184 Total: 1408761856 Max: 3817865216 (after inverse)
 0.0000421983

]]></system-out>
  <system-err><![CDATA[]]></system-err>
</testsuite>
