<?xml version="1.1" encoding="UTF-8"?>
<testsuite name="ca.nengo.math.impl.IndependentDimensionApproximatorTest" tests="1" failures="0" errors="0" timestamp="1970-01-01T00:00:00" hostname="b.local" time="1.383743282783E9">
  <properties/>
  <testcase name="testFindCoefficients" classname="ca.nengo.math.impl.IndependentDimensionApproximatorTest" time="0.001"/>
  <system-out><![CDATA[INFO  [Test worker:ca.nengo.util.Memory]: Used: 55704288 Total: 257425408 Max: 3817865216 (before gamma)
INFO  [Test worker:ca.nengo.util.Memory]: Used: 55704288 Total: 257425408 Max: 3817865216 (before inverse)
INFO  [Test worker:ca.nengo.math.impl.WeightedCostApproximator]: Using 2 singular values for pseudo-inverse
INFO  [Test worker:ca.nengo.util.Memory]: Used: 55704288 Total: 257425408 Max: 3817865216 (after inverse)
INFO  [Test worker:ca.nengo.util.Memory]: Used: 55704288 Total: 257425408 Max: 3817865216 (before gamma)
INFO  [Test worker:ca.nengo.util.Memory]: Used: 55704288 Total: 257425408 Max: 3817865216 (before inverse)
INFO  [Test worker:ca.nengo.math.impl.WeightedCostApproximator]: Using 1 singular values for pseudo-inverse
INFO  [Test worker:ca.nengo.util.Memory]: Used: 55704288 Total: 257425408 Max: 3817865216 (after inverse)
]]></system-out>
  <system-err><![CDATA[]]></system-err>
</testsuite>
