<?xml version="1.1" encoding="UTF-8"?>
<testsuite name="ca.nengo.math.impl.FourierFunctionTest" tests="5" failures="0" errors="0" timestamp="2013-11-06T13:08:02" hostname="b.local" time="0.002">
  <properties/>
  <testcase name="testGetDimension" classname="ca.nengo.math.impl.FourierFunctionTest" time="0.001"/>
  <testcase name="testMultiMap" classname="ca.nengo.math.impl.FourierFunctionTest" time="0.0"/>
  <testcase name="testFourierFunctionFloatArrayFloatArrayFloatArray" classname="ca.nengo.math.impl.FourierFunctionTest" time="0.0"/>
  <testcase name="testFourierFunctionFloatFloatFloat" classname="ca.nengo.math.impl.FourierFunctionTest" time="0.0"/>
  <testcase name="testClone" classname="ca.nengo.math.impl.FourierFunctionTest" time="0.0"/>
  <system-out><![CDATA[]]></system-out>
  <system-err><![CDATA[]]></system-err>
</testsuite>
