<?xml version="1.1" encoding="UTF-8"?>
<testsuite name="ca.nengo.config.impl.NamedValuePropertyImplTest" tests="8" failures="0" errors="0" timestamp="2013-11-06T13:08:02" hostname="b.local" time="0.008">
  <properties/>
  <testcase name="testGetValue" classname="ca.nengo.config.impl.NamedValuePropertyImplTest" time="0.002"/>
  <testcase name="testIsFixedCardinality" classname="ca.nengo.config.impl.NamedValuePropertyImplTest" time="0.0"/>
  <testcase name="testIsMutable" classname="ca.nengo.config.impl.NamedValuePropertyImplTest" time="0.001"/>
  <testcase name="testGetValueNames" classname="ca.nengo.config.impl.NamedValuePropertyImplTest" time="0.001"/>
  <testcase name="testIsNamedAutomatically" classname="ca.nengo.config.impl.NamedValuePropertyImplTest" time="0.0"/>
  <testcase name="testRemoveValue" classname="ca.nengo.config.impl.NamedValuePropertyImplTest" time="0.0"/>
  <testcase name="testSetValueStringObject" classname="ca.nengo.config.impl.NamedValuePropertyImplTest" time="0.001"/>
  <testcase name="testSetValueObject" classname="ca.nengo.config.impl.NamedValuePropertyImplTest" time="0.0"/>
  <system-out><![CDATA[]]></system-out>
  <system-err><![CDATA[]]></system-err>
</testsuite>
