<?xml version="1.1" encoding="UTF-8"?>
<testsuite name="ca.nengo.model.muscle.impl.LinkSegmentModelImplTest" tests="1" failures="0" errors="0" timestamp="2013-11-06T13:10:17" hostname="b.local" time="0.0">
  <properties/>
  <testcase name="testRun" classname="ca.nengo.model.muscle.impl.LinkSegmentModelImplTest" time="0.0"/>
  <system-out><![CDATA[]]></system-out>
  <system-err><![CDATA[]]></system-err>
</testsuite>
