<?xml version="1.1" encoding="UTF-8"?>
<testsuite name="ca.nengo.util.impl.TimeSeries1DImplTest" tests="4" failures="0" errors="0" timestamp="2013-11-06T13:11:20" hostname="b.local" time="0.001">
  <properties/>
  <testcase name="testConstructor" classname="ca.nengo.util.impl.TimeSeries1DImplTest" time="0.001"/>
  <testcase name="testGetValues" classname="ca.nengo.util.impl.TimeSeries1DImplTest" time="0.0"/>
  <testcase name="testGetUnits" classname="ca.nengo.util.impl.TimeSeries1DImplTest" time="0.0"/>
  <testcase name="testGetTimes" classname="ca.nengo.util.impl.TimeSeries1DImplTest" time="0.0"/>
  <system-out><![CDATA[]]></system-out>
  <system-err><![CDATA[]]></system-err>
</testsuite>
