<?xml version="1.1" encoding="UTF-8"?>
<testsuite name="ca.nengo.model.impl.AbstractEnsembleTest" tests="1" failures="0" errors="0" timestamp="2013-11-06T13:08:02" hostname="b.local" time="0.007">
  <properties/>
  <testcase name="testFindCommon1DOrigins" classname="ca.nengo.model.impl.AbstractEnsembleTest" time="0.007"/>
  <system-out><![CDATA[]]></system-out>
  <system-err><![CDATA[]]></system-err>
</testsuite>
