<?xml version="1.1" encoding="UTF-8"?>
<testsuite name="ca.nengo.math.impl.LinearCurveFitterTest" tests="2" failures="0" errors="0" timestamp="2013-11-06T13:08:02" hostname="b.local" time="0.001">
  <properties/>
  <testcase name="testFindCoefficients" classname="ca.nengo.math.impl.LinearCurveFitterTest" time="0.0"/>
  <testcase name="testCloneInterpolatedFunction" classname="ca.nengo.math.impl.LinearCurveFitterTest" time="0.0"/>
  <system-out><![CDATA[]]></system-out>
  <system-err><![CDATA[]]></system-err>
</testsuite>
