<?xml version="1.1" encoding="UTF-8"?>
<testsuite name="ca.nengo.model.impl.EnsembleTerminationTest" tests="2" failures="0" errors="0" timestamp="2013-11-06T13:08:02" hostname="b.local" time="0.001">
  <properties/>
  <testcase name="testSetModulatory" classname="ca.nengo.model.impl.EnsembleTerminationTest" time="0.001"/>
  <testcase name="testSetTau" classname="ca.nengo.model.impl.EnsembleTerminationTest" time="0.0"/>
  <system-out><![CDATA[]]></system-out>
  <system-err><![CDATA[]]></system-err>
</testsuite>
