<?xml version="1.1" encoding="UTF-8"?>
<testsuite name="ca.nengo.config.impl.ListPropertyImplTest" tests="8" failures="0" errors="0" timestamp="2013-11-06T13:08:02" hostname="b.local" time="0.023">
  <properties/>
  <testcase name="testGetValue" classname="ca.nengo.config.impl.ListPropertyImplTest" time="0.009"/>
  <testcase name="testSetValue" classname="ca.nengo.config.impl.ListPropertyImplTest" time="0.003"/>
  <testcase name="testAddValue" classname="ca.nengo.config.impl.ListPropertyImplTest" time="0.002"/>
  <testcase name="testInsert" classname="ca.nengo.config.impl.ListPropertyImplTest" time="0.002"/>
  <testcase name="testRemove" classname="ca.nengo.config.impl.ListPropertyImplTest" time="0.002"/>
  <testcase name="testIsFixedCardinality" classname="ca.nengo.config.impl.ListPropertyImplTest" time="0.001"/>
  <testcase name="testIsMutable" classname="ca.nengo.config.impl.ListPropertyImplTest" time="0.001"/>
  <testcase name="testGetNumValues" classname="ca.nengo.config.impl.ListPropertyImplTest" time="0.001"/>
  <system-out><![CDATA[]]></system-out>
  <system-err><![CDATA[]]></system-err>
</testsuite>
