<?xml version="1.1" encoding="UTF-8"?>
<testsuite name="ca.nengo.sim.impl.WriteToDiskSimulatorListenerTest" tests="2" failures="0" errors="0" timestamp="1970-01-01T00:00:00" hostname="b.local" time="1.383743480259E9">
  <properties/>
  <testcase name="testInterval" classname="ca.nengo.sim.impl.WriteToDiskSimulatorListenerTest" time="0.265"/>
  <testcase name="testBasicWriting" classname="ca.nengo.sim.impl.WriteToDiskSimulatorListenerTest" time="0.123"/>
  <system-out><![CDATA[INFO  [Test worker:ca.nengo.util.Memory]: Used: 1034890048 Total: 1544028160 Max: 3817865216 (before gamma)
INFO  [Test worker:ca.nengo.util.Memory]: Used: 1034890048 Total: 1544028160 Max: 3817865216 (before inverse)
INFO  [Test worker:ca.nengo.math.impl.WeightedCostApproximator]: Using 59 singular values for pseudo-inverse
INFO  [Test worker:ca.nengo.util.Memory]: Used: 1034890048 Total: 1544028160 Max: 3817865216 (after inverse)
Step 100 0.10000000000000007
Step 200 0.20000000000000015
Step 300 0.3000000000000002
Step 400 0.4000000000000003
Step 500 0.5000000000000003
Step 600 0.6000000000000004
Step 700 0.7000000000000005
Step 800 0.8000000000000006
Step 900 0.9000000000000007
Step 1000 1.0
Simulation finished - Elapsed time: 0.076 seconds.
Step 100 0.10000000000000007
Step 200 0.20000000000000015
Step 300 0.3000000000000002
Step 400 0.4000000000000003
Step 500 0.5000000000000003
Step 600 0.6000000000000004
Step 700 0.7000000000000005
Step 800 0.8000000000000006
Step 900 0.9000000000000007
Step 1000 1.0
Simulation finished - Elapsed time: 0.107 seconds.
INFO  [Test worker:ca.nengo.util.Memory]: Used: 1192124312 Total: 1544028160 Max: 3817865216 (before gamma)
INFO  [Test worker:ca.nengo.util.Memory]: Used: 1192124312 Total: 1544028160 Max: 3817865216 (before inverse)
INFO  [Test worker:ca.nengo.math.impl.WeightedCostApproximator]: Using 60 singular values for pseudo-inverse
INFO  [Test worker:ca.nengo.util.Memory]: Used: 1192876112 Total: 1544028160 Max: 3817865216 (after inverse)
Step 100 0.10000000000000007
Step 200 0.20000000000000015
Step 300 0.3000000000000002
Step 400 0.4000000000000003
Step 500 0.5000000000000003
Step 600 0.6000000000000004
Step 700 0.7000000000000005
Step 800 0.8000000000000006
Step 900 0.9000000000000007
Step 1000 1.0
Simulation finished - Elapsed time: 0.074 seconds.
]]></system-out>
  <system-err><![CDATA[]]></system-err>
</testsuite>
