<?xml version="1.1" encoding="UTF-8"?>
<testsuite name="ca.nengo.model.impl.ProjectionImplTest" tests="3" failures="0" errors="0" timestamp="2013-11-06T13:10:08" hostname="b.local" time="8.728">
  <properties/>
  <testcase name="testGetOrigin" classname="ca.nengo.model.impl.ProjectionImplTest" time="0.0"/>
  <testcase name="testGetTermination" classname="ca.nengo.model.impl.ProjectionImplTest" time="0.0"/>
  <testcase name="testAddBias2D" classname="ca.nengo.model.impl.ProjectionImplTest" time="8.728"/>
  <system-out><![CDATA[INFO  [Test worker:ca.nengo.util.Memory]: Used: 377348544 Total: 1564999680 Max: 3817865216 (before gamma)
INFO  [Test worker:ca.nengo.util.Memory]: Used: 377348544 Total: 1564999680 Max: 3817865216 (before inverse)
INFO  [Test worker:ca.nengo.math.impl.WeightedCostApproximator]: Using 148 singular values for pseudo-inverse
INFO  [Test worker:ca.nengo.util.Memory]: Used: 619497072 Total: 1564999680 Max: 3817865216 (after inverse)
INFO  [Test worker:ca.nengo.util.Memory]: Used: 673307064 Total: 1564999680 Max: 3817865216 (before gamma)
INFO  [Test worker:ca.nengo.util.Memory]: Used: 673307064 Total: 1564999680 Max: 3817865216 (before inverse)
INFO  [Test worker:ca.nengo.math.impl.WeightedCostApproximator]: Using 149 singular values for pseudo-inverse
INFO  [Test worker:ca.nengo.util.Memory]: Used: 915455592 Total: 1564999680 Max: 3817865216 (after inverse)
Direct weights: -8.654111E-5 to 8.655245E-5
Step 100 -1.400000000000011
Step 200 -1.300000000000022
Step 300 -1.200000000000033
Step 400 -1.100000000000044
Step 500 -1.000000000000055
Step 600 -0.900000000000055
Step 700 -0.8000000000000549
Step 800 -0.7000000000000548
Step 900 -0.6000000000000547
Step 1000 -0.5000000000000546
Step 1100 -0.40000000000005453
Step 1200 -0.30000000000005445
Step 1300 -0.20000000000005436
Step 1400 -0.10000000000005427
Step 1500 -5.4185822495611546E-14
Step 1600 0.0999999999999459
Step 1700 0.19999999999994597
Step 1800 0.29999999999994603
Step 1900 0.3999999999999461
Step 2000 0.4999999999999462
Step 2100 0.5999999999999462
Step 2200 0.6999999999999463
Step 2300 0.7999999999999464
Step 2400 0.8999999999999465
Step 2500 0.9999999999999466
Step 100 -1.400000000000011
Step 200 -1.300000000000022
Step 300 -1.200000000000033
Step 400 -1.100000000000044
Step 500 -1.000000000000055
Step 600 -0.900000000000055
Step 700 -0.8000000000000549
Step 800 -0.7000000000000548
Step 900 -0.6000000000000547
Step 1000 -0.5000000000000546
Step 1100 -0.40000000000005453
Step 1200 -0.30000000000005445
Step 1300 -0.20000000000005436
Step 1400 -0.10000000000005427
Step 1500 -5.4185822495611546E-14
Step 1600 0.0999999999999459
Step 1700 0.19999999999994597
Step 1800 0.29999999999994603
Step 1900 0.3999999999999461
Step 2000 0.4999999999999462
Step 2100 0.5999999999999462
Step 2200 0.6999999999999463
Step 2300 0.7999999999999464
Step 2400 0.8999999999999465
Step 2500 0.9999999999999466
error9.581208E-5
Bias weights: 6.285945E-5 to 8.654111E-5
Net weights: 0.0 to 1.5936348E-4 mean 7.296483E-5
Step 100 -1.400000000000011
Step 200 -1.300000000000022
Step 300 -1.200000000000033
Step 400 -1.100000000000044
Step 500 -1.000000000000055
Step 600 -0.900000000000055
Step 700 -0.8000000000000549
Step 800 -0.7000000000000548
Step 900 -0.6000000000000547
Step 1000 -0.5000000000000546
Step 1100 -0.40000000000005453
Step 1200 -0.30000000000005445
Step 1300 -0.20000000000005436
Step 1400 -0.10000000000005427
Step 1500 -5.4185822495611546E-14
Step 1600 0.0999999999999459
Step 1700 0.19999999999994597
Step 1800 0.29999999999994603
Step 1900 0.3999999999999461
Step 2000 0.4999999999999462
Step 2100 0.5999999999999462
Step 2200 0.6999999999999463
Step 2300 0.7999999999999464
Step 2400 0.8999999999999465
Step 2500 0.9999999999999466
Bias weights: 4.928556E-6 to 3.7322874E-4
Net weights: -3.6379788E-12 to 3.981383E-4 mean 7.6324664E-5
Step 100 -1.400000000000011
Step 200 -1.300000000000022
Step 300 -1.200000000000033
Step 400 -1.100000000000044
Step 500 -1.000000000000055
Step 600 -0.900000000000055
Step 700 -0.8000000000000549
Step 800 -0.7000000000000548
Step 900 -0.6000000000000547
Step 1000 -0.5000000000000546
Step 1100 -0.40000000000005453
Step 1200 -0.30000000000005445
Step 1300 -0.20000000000005436
Step 1400 -0.10000000000005427
Step 1500 -5.4185822495611546E-14
Step 1600 0.0999999999999459
Step 1700 0.19999999999994597
Step 1800 0.29999999999994603
Step 1900 0.3999999999999461
Step 2000 0.4999999999999462
Step 2100 0.5999999999999462
Step 2200 0.6999999999999463
Step 2300 0.7999999999999464
Step 2400 0.8999999999999465
Step 2500 0.9999999999999466
]]></system-out>
  <system-err><![CDATA[]]></system-err>
</testsuite>
