<?xml version="1.1" encoding="UTF-8"?>
<testsuite name="ca.nengo.dynamics.impl.CanonicalModelTest" tests="3" failures="0" errors="0" timestamp="2013-11-06T13:08:02" hostname="b.local" time="0.098">
  <properties/>
  <testcase name="testGetRealization" classname="ca.nengo.dynamics.impl.CanonicalModelTest" time="0.094"/>
  <testcase name="testIsControllableCanonical" classname="ca.nengo.dynamics.impl.CanonicalModelTest" time="0.0"/>
  <testcase name="testChangeTimeConstant" classname="ca.nengo.dynamics.impl.CanonicalModelTest" time="0.004"/>
  <system-out><![CDATA[]]></system-out>
  <system-err><![CDATA[]]></system-err>
</testsuite>
