<?xml version="1.1" encoding="UTF-8"?>
<testsuite name="ca.nengo.model.plasticity.impl.PlasticEnsembleTerminationTest" tests="2" failures="0" errors="0" timestamp="1970-01-01T00:00:00" hostname="b.local" time="1.38374347987E9">
  <properties/>
  <testcase name="testGetTransform" classname="ca.nengo.model.plasticity.impl.PlasticEnsembleTerminationTest" time="0.003"/>
  <testcase name="testSetTransform" classname="ca.nengo.model.plasticity.impl.PlasticEnsembleTerminationTest" time="0.004"/>
  <system-out><![CDATA[INFO  [Test worker:ca.nengo.util.Memory]: Used: 985032536 Total: 1544028160 Max: 3817865216 (before gamma)
INFO  [Test worker:ca.nengo.util.Memory]: Used: 985032536 Total: 1544028160 Max: 3817865216 (before inverse)
INFO  [Test worker:ca.nengo.math.impl.WeightedCostApproximator]: Using 8 singular values for pseudo-inverse
INFO  [Test worker:ca.nengo.util.Memory]: Used: 985032536 Total: 1544028160 Max: 3817865216 (after inverse)
INFO  [Test worker:ca.nengo.util.Memory]: Used: 1009961296 Total: 1544028160 Max: 3817865216 (before gamma)
INFO  [Test worker:ca.nengo.util.Memory]: Used: 1009961296 Total: 1544028160 Max: 3817865216 (before inverse)
INFO  [Test worker:ca.nengo.math.impl.WeightedCostApproximator]: Using 8 singular values for pseudo-inverse
INFO  [Test worker:ca.nengo.util.Memory]: Used: 1009961296 Total: 1544028160 Max: 3817865216 (after inverse)
]]></system-out>
  <system-err><![CDATA[]]></system-err>
</testsuite>
