<?xml version="1.1" encoding="UTF-8"?>
<testsuite name="ca.nengo.config.ConfigUtilTest" tests="1" failures="0" errors="0" timestamp="2013-11-06T13:08:02" hostname="b.local" time="0.001">
  <properties/>
  <testcase name="testNothing" classname="ca.nengo.config.ConfigUtilTest" time="0.001"/>
  <system-out><![CDATA[]]></system-out>
  <system-err><![CDATA[]]></system-err>
</testsuite>
