<?xml version="1.1" encoding="UTF-8"?>
<testsuite name="ca.nengo.model.neuron.impl.PoissonSpikeGeneratorTest" tests="1" failures="0" errors="0" timestamp="2013-11-06T13:11:19" hostname="b.local" time="0.0">
  <properties/>
  <testcase name="testNothing" classname="ca.nengo.model.neuron.impl.PoissonSpikeGeneratorTest" time="0.0"/>
  <system-out><![CDATA[]]></system-out>
  <system-err><![CDATA[]]></system-err>
</testsuite>
