<?xml version="1.1" encoding="UTF-8"?>
<testsuite name="ca.nengo.model.neuron.impl.IzhikevichSpikeGeneratorTest" tests="2" failures="0" errors="0" timestamp="2013-11-06T13:11:19" hostname="b.local" time="0.006">
  <properties/>
  <testcase name="testRun" classname="ca.nengo.model.neuron.impl.IzhikevichSpikeGeneratorTest" time="0.005"/>
  <testcase name="testSetPreset" classname="ca.nengo.model.neuron.impl.IzhikevichSpikeGeneratorTest" time="0.0"/>
  <system-out><![CDATA[]]></system-out>
  <system-err><![CDATA[]]></system-err>
</testsuite>
