<?xml version="1.1" encoding="UTF-8"?>
<testsuite name="ca.nengo.model.neuron.impl.SpikingNeuronTest" tests="4" failures="0" errors="0" timestamp="1970-01-01T00:00:00" hostname="b.local" time="1.383743479862E9">
  <properties/>
  <testcase name="testRun" classname="ca.nengo.model.neuron.impl.SpikingNeuronTest" time="0.0"/>
  <testcase name="testGetMode" classname="ca.nengo.model.neuron.impl.SpikingNeuronTest" time="0.0"/>
  <testcase name="testGetHistory" classname="ca.nengo.model.neuron.impl.SpikingNeuronTest" time="0.0"/>
  <testcase name="testGetOrigins" classname="ca.nengo.model.neuron.impl.SpikingNeuronTest" time="0.001"/>
  <system-out><![CDATA[INFO  [Test worker:ca.nengo.model.neuron.impl.SpikingNeuronTest]: 282.74344
]]></system-out>
  <system-err><![CDATA[]]></system-err>
</testsuite>
