<?xml version="1.1" encoding="UTF-8"?>
<testsuite name="ca.nengo.model.neuron.impl.LIFSpikeGeneratorTest" tests="5" failures="0" errors="0" timestamp="2013-11-06T13:11:19" hostname="b.local" time="0.015">
  <properties/>
  <testcase name="testRun" classname="ca.nengo.model.neuron.impl.LIFSpikeGeneratorTest" time="0.003"/>
  <testcase name="testGetHistory" classname="ca.nengo.model.neuron.impl.LIFSpikeGeneratorTest" time="0.0"/>
  <testcase name="testReset" classname="ca.nengo.model.neuron.impl.LIFSpikeGeneratorTest" time="0.001"/>
  <testcase name="testRunConstantRate" classname="ca.nengo.model.neuron.impl.LIFSpikeGeneratorTest" time="0.0"/>
  <testcase name="testRunPrecise" classname="ca.nengo.model.neuron.impl.LIFSpikeGeneratorTest" time="0.011"/>
  <system-out><![CDATA[]]></system-out>
  <system-err><![CDATA[]]></system-err>
</testsuite>
