<?xml version="1.1" encoding="UTF-8"?>
<testsuite name="ca.nengo.io.DelimitedFileExporterTest" tests="4" failures="0" errors="0" timestamp="2013-11-06T13:08:02" hostname="b.local" time="0.007">
  <properties/>
  <testcase name="testExportTimeSeriesFile" classname="ca.nengo.io.DelimitedFileExporterTest" time="0.002"/>
  <testcase name="testExportTimeSeriesFileFloat" classname="ca.nengo.io.DelimitedFileExporterTest" time="0.003"/>
  <testcase name="testExportSpikePatternFile" classname="ca.nengo.io.DelimitedFileExporterTest" time="0.001"/>
  <testcase name="testExportFloatArrayArrayFile" classname="ca.nengo.io.DelimitedFileExporterTest" time="0.001"/>
  <system-out><![CDATA[]]></system-out>
  <system-err><![CDATA[]]></system-err>
</testsuite>
