<?xml version="1.1" encoding="UTF-8"?>
<testsuite name="ca.nengo.model.impl.ProbeableOriginTest" tests="4" failures="0" errors="0" timestamp="2013-11-06T13:10:08" hostname="b.local" time="0.001">
  <properties/>
  <testcase name="testConstructor" classname="ca.nengo.model.impl.ProbeableOriginTest" time="0.001"/>
  <testcase name="testGetName" classname="ca.nengo.model.impl.ProbeableOriginTest" time="0.0"/>
  <testcase name="testGetValues" classname="ca.nengo.model.impl.ProbeableOriginTest" time="0.0"/>
  <testcase name="testGetDimensions" classname="ca.nengo.model.impl.ProbeableOriginTest" time="0.0"/>
  <system-out><![CDATA[]]></system-out>
  <system-err><![CDATA[]]></system-err>
</testsuite>
