<?xml version="1.1" encoding="UTF-8"?>
<testsuite name="ca.nengo.model.impl.EnsembleImplTest" tests="1" failures="0" errors="0" timestamp="1970-01-01T00:00:00" hostname="b.local" time="1.383743282857E9">
  <properties/>
  <testcase name="testClone" classname="ca.nengo.model.impl.EnsembleImplTest" time="0.006"/>
  <system-out><![CDATA[EnsembleImplTest
Termination Length
2
Termination Name
ca.nengo.model.impl.EnsembleTermination
]]></system-out>
  <system-err><![CDATA[]]></system-err>
</testsuite>
