<?xml version="1.1" encoding="UTF-8"?>
<testsuite name="tools.utils.LoggerUtilsTest" tests="2" failures="0" errors="0" timestamp="2013-11-06T13:11:23" hostname="b.local" time="0.001">
  <properties/>
  <testcase name="twoDimMatrix" classname="tools.utils.LoggerUtilsTest" time="0.001"/>
  <testcase name="vector" classname="tools.utils.LoggerUtilsTest" time="0.0"/>
  <system-out><![CDATA[]]></system-out>
  <system-err><![CDATA[]]></system-err>
</testsuite>
