<?xml version="1.1" encoding="UTF-8"?>
<testsuite name="ca.nengo.util.impl.RecorderImplTest" tests="3" failures="0" errors="0" timestamp="2013-11-06T13:11:20" hostname="b.local" time="0.001">
  <properties/>
  <testcase name="testGetData" classname="ca.nengo.util.impl.RecorderImplTest" time="0.0"/>
  <testcase name="testSamplingRate" classname="ca.nengo.util.impl.RecorderImplTest" time="0.0"/>
  <testcase name="testRetention" classname="ca.nengo.util.impl.RecorderImplTest" time="0.0"/>
  <system-out><![CDATA[]]></system-out>
  <system-err><![CDATA[]]></system-err>
</testsuite>
