<?xml version="1.1" encoding="UTF-8"?>
<testsuite name="ca.nengo.math.impl.SimpleFunctionsTest" tests="14" failures="0" errors="0" timestamp="2013-11-06T13:08:02" hostname="b.local" time="0.004">
  <properties/>
  <testcase name="testMax" classname="ca.nengo.math.impl.SimpleFunctionsTest" time="0.0"/>
  <testcase name="testMin" classname="ca.nengo.math.impl.SimpleFunctionsTest" time="0.0"/>
  <testcase name="testSqrt" classname="ca.nengo.math.impl.SimpleFunctionsTest" time="0.0"/>
  <testcase name="testSin" classname="ca.nengo.math.impl.SimpleFunctionsTest" time="0.0"/>
  <testcase name="testCos" classname="ca.nengo.math.impl.SimpleFunctionsTest" time="0.0"/>
  <testcase name="testTan" classname="ca.nengo.math.impl.SimpleFunctionsTest" time="0.0"/>
  <testcase name="testAsin" classname="ca.nengo.math.impl.SimpleFunctionsTest" time="0.0"/>
  <testcase name="testAcos" classname="ca.nengo.math.impl.SimpleFunctionsTest" time="0.0"/>
  <testcase name="testAtan" classname="ca.nengo.math.impl.SimpleFunctionsTest" time="0.0"/>
  <testcase name="testExp" classname="ca.nengo.math.impl.SimpleFunctionsTest" time="0.0"/>
  <testcase name="testLog2" classname="ca.nengo.math.impl.SimpleFunctionsTest" time="0.0"/>
  <testcase name="testLog10" classname="ca.nengo.math.impl.SimpleFunctionsTest" time="0.001"/>
  <testcase name="testLn" classname="ca.nengo.math.impl.SimpleFunctionsTest" time="0.0"/>
  <testcase name="testPow" classname="ca.nengo.math.impl.SimpleFunctionsTest" time="0.0"/>
  <system-out><![CDATA[]]></system-out>
  <system-err><![CDATA[]]></system-err>
</testsuite>
